<?xml version="1.0" encoding="UTF-8"?>
<testsuite name="validationTests" tests="3" skipped="0" failures="0" errors="0" timestamp="2021-04-01T18:01:22" hostname="DESKTOP-L6BSS5N" time="0.121">
  <properties/>
  <testcase name="tabela_Produto()" classname="validationTests" time="0.096"/>
  <testcase name="tabela_EstadoDeEncomenda()" classname="validationTests" time="0.005"/>
  <testcase name="tabela_Clientes()" classname="validationTests" time="0.013"/>
  <system-out><![CDATA[]]></system-out>
  <system-err><![CDATA[]]></system-err>
</testsuite>
