<?xml version="1.0" encoding="UTF-8"?>
<testsuite name="validationTests" tests="3" skipped="0" failures="0" errors="0" timestamp="2021-03-25T11:50:40" hostname="DESKTOP-L6BSS5N" time="0.042">
  <properties/>
  <testcase name="tabela_Produto()" classname="validationTests" time="0.033"/>
  <testcase name="tabela_EstadoDeEncomenda()" classname="validationTests" time="0.002"/>
  <testcase name="tabela_Clientes()" classname="validationTests" time="0.005"/>
  <system-out><![CDATA[]]></system-out>
  <system-err><![CDATA[]]></system-err>
</testsuite>
